#
# There is insufficient memory for the Java Runtime Environment to continue.
# Native memory allocation (mmap) failed to map 65011712 bytes for G1 virtual space
# Possible reasons:
#   The system is out of physical RAM or swap space
#   The process is running with CompressedOops enabled, and the Java Heap may be blocking the growth of the native heap
# Possible solutions:
#   Reduce memory load on the system
#   Increase physical memory or swap space
#   Check if swap backing store is full
#   Decrease Java heap size (-Xmx/-Xms)
#   Decrease number of Java threads
#   Decrease Java thread stack sizes (-Xss)
#   Set larger code cache with -XX:ReservedCodeCacheSize=
#   JVM is running with Unscaled Compressed Oops mode in which the Java heap is
#     placed in the first 4GB address space. The Java Heap base address is the
#     maximum limit for the native heap growth. Please use -XX:HeapBaseMinAddress
#     to set the Java Heap base and to place the Java Heap above 4GB virtual address.
# This output file may be truncated or incomplete.
#
#  Out of Memory Error (os_windows.cpp:3548), pid=5624, tid=12964
#
# JRE version:  (17.0.11+7) (build )
# Java VM: Java HotSpot(TM) 64-Bit Server VM (17.0.11+7-LTS-207, mixed mode, sharing, tiered, compressed oops, compressed class ptrs, g1 gc, windows-amd64)
# No core dump will be written. Minidumps are not enabled by default on client versions of Windows
#

---------------  S U M M A R Y ------------

Command Line: -Dclassworlds.conf=C:\Program Files\NetBeans-22\netbeans\java\maven\bin\m2.conf -Dmaven.home=C:\Program Files\NetBeans-22\netbeans\java\maven -Dlibrary.jansi.path=C:\Program Files\NetBeans-22\netbeans\java\maven\lib\jansi-native -Dmaven.multiModuleProjectDirectory=C:\Users\MINEDUCYT\OneDrive\Desktop\hope\TiendaJyJ org.codehaus.plexus.classworlds.launcher.Launcher -Dmaven.ext.class.path=C:\Program Files\NetBeans-22\netbeans\java\maven-nblib\netbeans-eventspy.jar --no-transfer-progress clean install

Host: Intel(R) Celeron(R) N5100 @ 1.10GHz, 4 cores, 3G,  Windows 11 , 64 bit Build 26100 (10.0.26100.3912)
Time: Wed Jun 11 01:59:06 2025 Hora estándar, América Central elapsed time: 0.032675 seconds (0d 0h 0m 0s)

---------------  T H R E A D  ---------------

Current thread (0x0000016732262f80):  JavaThread "Unknown thread" [_thread_in_vm, id=12964, stack(0x000000124f000000,0x000000124f100000)]

Stack: [0x000000124f000000,0x000000124f100000]
Native frames: (J=compiled Java code, j=interpreted, Vv=VM code, C=native code)
V  [jvm.dll+0x679cca]
V  [jvm.dll+0x7da13d]
V  [jvm.dll+0x7dba83]
V  [jvm.dll+0x7dc0f3]
V  [jvm.dll+0x2449af]
V  [jvm.dll+0x676ce9]
V  [jvm.dll+0x66b852]
V  [jvm.dll+0x3018d6]
V  [jvm.dll+0x308e76]
V  [jvm.dll+0x3596ee]
V  [jvm.dll+0x35991f]
V  [jvm.dll+0x2d89a8]
V  [jvm.dll+0x2d9914]
V  [jvm.dll+0x7ac6b1]
V  [jvm.dll+0x366f61]
V  [jvm.dll+0x78b609]
V  [jvm.dll+0x3ec22f]
V  [jvm.dll+0x3ede61]
C  [jli.dll+0x5297]
C  [ucrtbase.dll+0x37b0]
C  [KERNEL32.DLL+0x2e8d7]
C  [ntdll.dll+0x9c5dc]


---------------  P R O C E S S  ---------------

Threads class SMR info:
_java_thread_list=0x00007ffd6ef07a18, length=0, elements={
}

Java Threads: ( => current thread )

Other Threads:
  0x000001673229fed0 GCTaskThread "GC Thread#0" [stack: 0x000000124f100000,0x000000124f200000] [id=13264]
  0x00000167322a8670 ConcurrentGCThread "G1 Main Marker" [stack: 0x000000124f200000,0x000000124f300000] [id=11680]
  0x00000167322a9b60 ConcurrentGCThread "G1 Conc#0" [stack: 0x000000124f300000,0x000000124f400000] [id=9824]

[error occurred during error reporting (printing all threads), id 0xc0000005, EXCEPTION_ACCESS_VIOLATION (0xc0000005) at pc=0x00007ffd6e739497]

VM state: not at safepoint (not fully initialized)

VM Mutex/Monitor currently owned by a thread:  ([mutex/lock_event])
[0x000001673225fb00] Heap_lock - owner thread: 0x0000016732262f80

Heap address: 0x00000000c2e00000, size: 978 MB, Compressed Oops mode: 32-bit

CDS archive(s) mapped at: [0x0000000000000000-0x0000000000000000-0x0000000000000000), size 0, SharedBaseAddress: 0x0000000800000000, ArchiveRelocationMode: 1.
Narrow klass base: 0x0000000000000000, Narrow klass shift: 0, Narrow klass range: 0x0

GC Precious Log:
<Empty>

Heap:
 garbage-first heap   total 0K, used 0K [0x00000000c2e00000, 0x0000000100000000)
  region size 1024K, 0 young (0K), 0 survivors (0K)

[error occurred during error reporting (printing heap information), id 0xc0000005, EXCEPTION_ACCESS_VIOLATION (0xc0000005) at pc=0x00007ffd6eb23559]

GC Heap History (0 events):
No events

Deoptimization events (0 events):
No events

Classes unloaded (0 events):
No events

Classes redefined (0 events):
No events

Internal exceptions (0 events):
No events

VM Operations (0 events):
No events

Events (1 events):
Event: 0.013 Loaded shared library C:\Program Files\Java\jdk-17\bin\java.dll


Dynamic libraries:
0x00007ff60e190000 - 0x00007ff60e1a0000 	C:\Program Files\Java\jdk-17\bin\java.exe
0x00007ffdce860000 - 0x00007ffdceac6000 	C:\WINDOWS\SYSTEM32\ntdll.dll
0x00007ffdcce60000 - 0x00007ffdccf29000 	C:\WINDOWS\System32\KERNEL32.DLL
0x00007ffdcbef0000 - 0x00007ffdcc2bc000 	C:\WINDOWS\System32\KERNELBASE.dll
0x00007ffdcc4d0000 - 0x00007ffdcc61b000 	C:\WINDOWS\System32\ucrtbase.dll
0x00007ffdbd750000 - 0x00007ffdbd76b000 	C:\Program Files\Java\jdk-17\bin\VCRUNTIME140.dll
0x00007ffdc1160000 - 0x00007ffdc1179000 	C:\Program Files\Java\jdk-17\bin\jli.dll
0x00007ffdce4a0000 - 0x00007ffdce552000 	C:\WINDOWS\System32\ADVAPI32.dll
0x00007ffdccb00000 - 0x00007ffdccba9000 	C:\WINDOWS\System32\msvcrt.dll
0x00007ffdccdb0000 - 0x00007ffdcce56000 	C:\WINDOWS\System32\sechost.dll
0x00007ffdcdbd0000 - 0x00007ffdcdce6000 	C:\WINDOWS\System32\RPCRT4.dll
0x00007ffdcde90000 - 0x00007ffdce05a000 	C:\WINDOWS\System32\USER32.dll
0x00007ffdcbcb0000 - 0x00007ffdcbcd7000 	C:\WINDOWS\System32\win32u.dll
0x00007ffdcdcf0000 - 0x00007ffdcdd1b000 	C:\WINDOWS\System32\GDI32.dll
0x00007ffdb34f0000 - 0x00007ffdb378a000 	C:\WINDOWS\WinSxS\amd64_microsoft.windows.common-controls_6595b64144ccf1df_6.0.26100.3912_none_3e07963ce335137e\COMCTL32.dll
0x00007ffdcbb70000 - 0x00007ffdcbca2000 	C:\WINDOWS\System32\gdi32full.dll
0x00007ffdcbda0000 - 0x00007ffdcbe43000 	C:\WINDOWS\System32\msvcp_win.dll
0x00007ffdc0a20000 - 0x00007ffdc0a2b000 	C:\WINDOWS\SYSTEM32\VERSION.dll
0x00007ffdccac0000 - 0x00007ffdccaf0000 	C:\WINDOWS\System32\IMM32.DLL
0x00007ffdc84a0000 - 0x00007ffdc84ac000 	C:\Program Files\Java\jdk-17\bin\vcruntime140_1.dll
0x00007ffd8f9c0000 - 0x00007ffd8fa4e000 	C:\Program Files\Java\jdk-17\bin\msvcp140.dll
0x00007ffd6e450000 - 0x00007ffd6f030000 	C:\Program Files\Java\jdk-17\bin\server\jvm.dll
0x00007ffdccbc0000 - 0x00007ffdccbc8000 	C:\WINDOWS\System32\PSAPI.DLL
0x00007ffdb4ed0000 - 0x00007ffdb4eda000 	C:\WINDOWS\SYSTEM32\WSOCK32.dll
0x00007ffdb5af0000 - 0x00007ffdb5b26000 	C:\WINDOWS\SYSTEM32\WINMM.dll
0x00007ffdcd9a0000 - 0x00007ffdcda14000 	C:\WINDOWS\System32\WS2_32.dll
0x00007ffdca7b0000 - 0x00007ffdca7ca000 	C:\WINDOWS\SYSTEM32\kernel.appcore.dll
0x00007ffdc8440000 - 0x00007ffdc844a000 	C:\Program Files\Java\jdk-17\bin\jimage.dll
0x00007ffdc9150000 - 0x00007ffdc9391000 	C:\WINDOWS\SYSTEM32\DBGHELP.DLL
0x00007ffdce060000 - 0x00007ffdce3e4000 	C:\WINDOWS\System32\combase.dll
0x00007ffdcccc0000 - 0x00007ffdccda0000 	C:\WINDOWS\System32\OLEAUT32.dll
0x00007ffdb03f0000 - 0x00007ffdb0429000 	C:\WINDOWS\SYSTEM32\dbgcore.DLL
0x00007ffdcbe50000 - 0x00007ffdcbee9000 	C:\WINDOWS\System32\bcryptPrimitives.dll
0x00007ffdbc7c0000 - 0x00007ffdbc7e5000 	C:\Program Files\Java\jdk-17\bin\java.dll

dbghelp: loaded successfully - version: 4.0.5 - missing functions: none
symbol engine: initialized successfully - sym options: 0x614 - pdb path: .;C:\Program Files\Java\jdk-17\bin;C:\WINDOWS\SYSTEM32;C:\WINDOWS\WinSxS\amd64_microsoft.windows.common-controls_6595b64144ccf1df_6.0.26100.3912_none_3e07963ce335137e;C:\Program Files\Java\jdk-17\bin\server

VM Arguments:
jvm_args: -Dclassworlds.conf=C:\Program Files\NetBeans-22\netbeans\java\maven\bin\m2.conf -Dmaven.home=C:\Program Files\NetBeans-22\netbeans\java\maven -Dlibrary.jansi.path=C:\Program Files\NetBeans-22\netbeans\java\maven\lib\jansi-native -Dmaven.multiModuleProjectDirectory=C:\Users\MINEDUCYT\OneDrive\Desktop\hope\TiendaJyJ 
java_command: org.codehaus.plexus.classworlds.launcher.Launcher -Dmaven.ext.class.path=C:\Program Files\NetBeans-22\netbeans\java\maven-nblib\netbeans-eventspy.jar --no-transfer-progress clean install
java_class_path (initial): C:\Program Files\NetBeans-22\netbeans\java\maven\boot\plexus-classworlds-2.7.0.jar
Launcher Type: SUN_STANDARD

[Global flags]
     intx CICompilerCount                          = 3                                         {product} {ergonomic}
     uint ConcGCThreads                            = 1                                         {product} {ergonomic}
     uint G1ConcRefinementThreads                  = 4                                         {product} {ergonomic}
   size_t G1HeapRegionSize                         = 1048576                                   {product} {ergonomic}
    uintx GCDrainStackTargetSize                   = 64                                        {product} {ergonomic}
   size_t InitialHeapSize                          = 65011712                                  {product} {ergonomic}
   size_t MarkStackSize                            = 4194304                                   {product} {ergonomic}
   size_t MaxHeapSize                              = 1025507328                                {product} {ergonomic}
   size_t MinHeapDeltaBytes                        = 1048576                                   {product} {ergonomic}
   size_t MinHeapSize                              = 8388608                                   {product} {ergonomic}
    uintx NonNMethodCodeHeapSize                   = 5832780                                {pd product} {ergonomic}
    uintx NonProfiledCodeHeapSize                  = 122912730                              {pd product} {ergonomic}
    uintx ProfiledCodeHeapSize                     = 122912730                              {pd product} {ergonomic}
    uintx ReservedCodeCacheSize                    = 251658240                              {pd product} {ergonomic}
     bool SegmentedCodeCache                       = true                                      {product} {ergonomic}
   size_t SoftMaxHeapSize                          = 1025507328                             {manageable} {ergonomic}
     bool UseCompressedClassPointers               = true                           {product lp64_product} {ergonomic}
     bool UseCompressedOops                        = true                           {product lp64_product} {ergonomic}
     bool UseG1GC                                  = true                                      {product} {ergonomic}
     bool UseLargePagesIndividualAllocation        = false                                  {pd product} {ergonomic}

Logging:
Log output configuration:
 #0: stdout all=warning uptime,level,tags
 #1: stderr all=off uptime,level,tags

Environment Variables:
JAVA_HOME=C:\Program Files\Java\jdk-17
PATH=C:\Program Files\Common Files\Oracle\Java\javapath;C:\Program Files (x86)\Common Files\Oracle\Java\java8path;C:\Program Files (x86)\Common Files\Oracle\Java\javapath;C:\WINDOWS\system32;C:\WINDOWS;C:\WINDOWS\System32\Wbem;C:\WINDOWS\System32\WindowsPowerShell\v1.0\;C:\WINDOWS\System32\OpenSSH\;C:\Program Files\dotnet\;C:\Program Files\Intel\WiFi\bin\;C:\Program Files\Common Files\Intel\WirelessCommon\;C:\xampp\php;C:\ProgramData\ComposerSetup\bin;C:\Program Files\Git\cmd;C:\Program Files\Git\mingw64\bin;C:\Program Files\Git\usr\bin;C:\Program Files\nodejs\;C:\Users\MINEDUCYT\AppData\Local\Microsoft\WindowsApps;C:\Users\MINEDUCYT\AppData\Local\Programs\Microsoft VS Code\bin;C:\Users\MINEDUCYT\AppData\Roaming\Composer\vendor\bin;C:\Users\MINEDUCYT\AppData\Roaming\npm;
USERNAME=MINEDUCYT
OS=Windows_NT
PROCESSOR_IDENTIFIER=Intel64 Family 6 Model 156 Stepping 0, GenuineIntel



---------------  S Y S T E M  ---------------

OS:
 Windows 11 , 64 bit Build 26100 (10.0.26100.3912)
OS uptime: 0 days 2:28 hours

CPU: total 4 (initial active 4) (4 cores per cpu, 1 threads per core) family 6 model 156 stepping 0 microcode 0x24000026, cx8, cmov, fxsr, mmx, 3dnowpref, sse, sse2, sse3, ssse3, sse4.1, sse4.2, popcnt, tsc, tscinvbit, aes, erms, clmul, sha, clflush, clflushopt, clwb

Memory: 4k page, system-wide physical 3911M (482M free)
TotalPageFile size 6911M (AvailPageFile size 53M)
current process WorkingSet (physical memory assigned to process): 11M, peak: 11M
current process commit charge ("private bytes"): 51M, peak: 113M

vm_info: Java HotSpot(TM) 64-Bit Server VM (17.0.11+7-LTS-207) for windows-amd64 JRE (17.0.11+7-LTS-207), built on Mar 11 2024 19:01:50 by "mach5one" with MS VC++ 17.6 (VS2022)

END.
